0 verbose cli /Users/balledachandrahas/.nvm/versions/node/v22.15.0/bin/node /Users/balledachandrahas/.nvm/versions/node/v22.15.0/lib/node_modules/npm/bin/npm-cli.js
1 info using npm@10.9.2
2 info using node@v22.15.0
3 silly config load:file:/Users/balledachandrahas/.nvm/versions/node/v22.15.0/lib/node_modules/npm/npmrc
4 silly config load:file:/Users/balledachandrahas/Documents/ProjectCode/multiselect_poc/.npmrc
5 silly config load:file:/Users/balledachandrahas/.npmrc
6 silly config load:file:/Users/balledachandrahas/.nvm/versions/node/v22.15.0/etc/npmrc
7 verbose title npm exec prettier ./Framework/DB.php --write
8 verbose argv "exec" "--" "prettier" "./Framework/DB.php" "--write"
9 verbose logfile logs-max:10 dir:/Users/balledachandrahas/Documents/ProjectCode/multiselect_poc/$HOME/.npmcache_new/_logs/2025-05-01T10_05_59_638Z-
10 verbose logfile /Users/balledachandrahas/Documents/ProjectCode/multiselect_poc/$HOME/.npmcache_new/_logs/2025-05-01T10_05_59_638Z-debug-0.log
11 silly logfile done cleaning log files
12 silly packumentCache heap:4345298944 maxSize:1086324736 maxEntrySize:543162368
13 http fetch GET 200 https://registry.npmjs.org/prettier 181ms (cache updated)
14 silly packumentCache heap:4345298944 maxSize:1086324736 maxEntrySize:543162368
15 silly packumentCache heap:4345298944 maxSize:1086324736 maxEntrySize:543162368
16 verbose stack Error: canceled
16 verbose stack     at Interface.<anonymous> (/Users/balledachandrahas/.nvm/versions/node/v22.15.0/lib/node_modules/npm/node_modules/read/dist/commonjs/read.js:89:21)
16 verbose stack     at Interface.emit (node:events:518:28)
16 verbose stack     at [_ttyWrite] [as _ttyWrite] (node:internal/readline/interface:1128:18)
16 verbose stack     at ReadStream.onkeypress (node:internal/readline/interface:267:20)
16 verbose stack     at ReadStream.emit (node:events:518:28)
16 verbose stack     at emitKeys (node:internal/readline/utils:370:14)
16 verbose stack     at emitKeys.next (<anonymous>)
16 verbose stack     at ReadStream.onData (node:internal/readline/emitKeypressEvents:64:36)
16 verbose stack     at ReadStream.emit (node:events:518:28)
16 verbose stack     at addChunk (node:internal/streams/readable:561:12)
17 error canceled
18 verbose cwd /Users/balledachandrahas/Documents/ProjectCode/multiselect_poc
19 verbose os Darwin 24.3.0
20 verbose node v22.15.0
21 verbose npm  v10.9.2
22 verbose exit 1
23 verbose code 1
24 error A complete log of this run can be found in: /Users/balledachandrahas/Documents/ProjectCode/multiselect_poc/$HOME/.npmcache_new/_logs/2025-05-01T10_05_59_638Z-debug-0.log
